2019-08-04 23:14:59,151 [Worker-2: Loading available Gradle versions] INFO  o.e.b.c.i.u.g.PublishedGradleVersions - Gradle version information cache is not available. Remote download required.
2019-08-05 22:14:13,743 [Worker-2: Loading available Gradle versions] INFO  o.e.b.c.i.u.g.PublishedGradleVersions - Gradle version information cache is up-to-date. Trying to read.
2019-08-06 22:05:32,957 [Worker-7: Loading available Gradle versions] INFO  o.e.b.c.i.u.g.PublishedGradleVersions - Gradle version information cache is out-of-date. Trying to update.
2019-08-06 22:08:10,886 [Worker-12: Importing Maven projects] WARN  o.e.m.c.i.embedder.EclipseLogger - The POM for org.springframework.boot:spring-boot-maven-plugin:jar:2.0.4.RELEASE is invalid, transitive dependencies (if any) will not be available, enable debug logging for more details
2019-08-06 22:08:10,943 [Worker-12: Importing Maven projects] WARN  o.e.m.c.i.embedder.EclipseLogger - The POM for org.springframework.boot:spring-boot-maven-plugin:jar:2.0.4.RELEASE is invalid, transitive dependencies (if any) will not be available, enable debug logging for more details
2019-08-06 22:08:10,972 [Worker-12: Importing Maven projects] WARN  o.e.m.c.i.embedder.EclipseLogger - The POM for org.springframework.boot:spring-boot-maven-plugin:jar:2.0.4.RELEASE is invalid, transitive dependencies (if any) will not be available, enable debug logging for more details
2019-08-06 22:08:13,071 [Worker-12: Importing Maven projects] WARN  o.e.m.c.i.embedder.EclipseLogger - Failed to build parent project for org.springframework.boot:spring-boot-starter-parent:pom:2.0.4.RELEASE
2019-08-06 22:08:13,129 [Worker-12: Importing Maven projects] ERROR o.e.m.c.internal.embedder.MavenImpl - Could not read parent project
org.apache.maven.project.ProjectBuildingException: Some problems were encountered while processing the POMs:
[FATAL] Non-parseable POM D:\WorkSpace\Maven\respository\org\eclipse\jetty\jetty-bom\9.4.11.v20180605\jetty-bom-9.4.11.v20180605.pom: start tag not allowed in epilog but got p (position: END_TAG seen ...</profiles>\n</project>\n<p... @507:3)  @ D:\WorkSpace\Maven\respository\org\eclipse\jetty\jetty-bom\9.4.11.v20180605\jetty-bom-9.4.11.v20180605.pom, line 507, column 3

	at org.apache.maven.project.DefaultProjectBuilder.build(DefaultProjectBuilder.java:205) ~[maven-core-3.6.1.jar:3.6.1]
	at org.apache.maven.project.DefaultProjectBuilder.build(DefaultProjectBuilder.java:340) ~[maven-core-3.6.1.jar:3.6.1]
	at org.apache.maven.project.DefaultProjectBuilder.build(DefaultProjectBuilder.java:297) ~[maven-core-3.6.1.jar:3.6.1]
	at org.eclipse.m2e.core.internal.embedder.MavenImpl.resolveParentProject(MavenImpl.java:718) [org.eclipse.m2e.core_1.12.0.20190529-1916.jar:na]
	at org.eclipse.m2e.core.internal.embedder.MavenImpl.lambda$3(MavenImpl.java:737) [org.eclipse.m2e.core_1.12.0.20190529-1916.jar:na]
	at org.eclipse.m2e.core.internal.embedder.MavenExecutionContext.executeBare(MavenExecutionContext.java:177) ~[org.eclipse.m2e.core_1.12.0.20190529-1916.jar:na]
	at org.eclipse.m2e.core.internal.embedder.MavenExecutionContext.execute(MavenExecutionContext.java:112) ~[org.eclipse.m2e.core_1.12.0.20190529-1916.jar:na]
	at org.eclipse.m2e.core.internal.embedder.MavenImpl.resolveParentProject(MavenImpl.java:737) [org.eclipse.m2e.core_1.12.0.20190529-1916.jar:na]
	at org.eclipse.m2e.core.internal.lifecyclemapping.LifecycleMappingFactory.getPomMappingMetadataSources(LifecycleMappingFactory.java:877) ~[org.eclipse.m2e.core_1.12.0.20190529-1916.jar:na]
	at org.eclipse.m2e.core.internal.lifecyclemapping.LifecycleMappingFactory.getProjectMetadataSourcesMap(LifecycleMappingFactory.java:279) ~[org.eclipse.m2e.core_1.12.0.20190529-1916.jar:na]
	at org.eclipse.m2e.core.internal.lifecyclemapping.LifecycleMappingFactory.getProjectMetadataSources(LifecycleMappingFactory.java:256) ~[org.eclipse.m2e.core_1.12.0.20190529-1916.jar:na]
	at org.eclipse.m2e.core.internal.lifecyclemapping.LifecycleMappingFactory.calculateEffectiveLifecycleMappingMetadata(LifecycleMappingFactory.java:240) ~[org.eclipse.m2e.core_1.12.0.20190529-1916.jar:na]
	at org.eclipse.m2e.core.internal.lifecyclemapping.LifecycleMappingFactory.calculateLifecycleMapping(LifecycleMappingFactory.java:181) ~[org.eclipse.m2e.core_1.12.0.20190529-1916.jar:na]
	at org.eclipse.m2e.core.internal.project.registry.ProjectRegistryManager.setupLifecycleMapping(ProjectRegistryManager.java:615) ~[org.eclipse.m2e.core_1.12.0.20190529-1916.jar:na]
	at org.eclipse.m2e.core.internal.project.registry.ProjectRegistryManager.refreshPhase2(ProjectRegistryManager.java:534) ~[org.eclipse.m2e.core_1.12.0.20190529-1916.jar:na]
	at org.eclipse.m2e.core.internal.project.registry.ProjectRegistryManager.lambda$2(ProjectRegistryManager.java:515) ~[org.eclipse.m2e.core_1.12.0.20190529-1916.jar:na]
	at org.eclipse.m2e.core.internal.embedder.MavenExecutionContext.executeBare(MavenExecutionContext.java:177) ~[org.eclipse.m2e.core_1.12.0.20190529-1916.jar:na]
	at org.eclipse.m2e.core.internal.embedder.MavenExecutionContext.execute(MavenExecutionContext.java:151) ~[org.eclipse.m2e.core_1.12.0.20190529-1916.jar:na]
	at org.eclipse.m2e.core.internal.project.registry.ProjectRegistryManager.refresh(ProjectRegistryManager.java:513) ~[org.eclipse.m2e.core_1.12.0.20190529-1916.jar:na]
	at org.eclipse.m2e.core.internal.project.registry.ProjectRegistryManager.refresh(ProjectRegistryManager.java:365) ~[org.eclipse.m2e.core_1.12.0.20190529-1916.jar:na]
	at org.eclipse.m2e.core.internal.project.registry.ProjectRegistryManager.refresh(ProjectRegistryManager.java:312) ~[org.eclipse.m2e.core_1.12.0.20190529-1916.jar:na]
	at org.eclipse.m2e.core.internal.project.ProjectConfigurationManager.configureNewMavenProjects(ProjectConfigurationManager.java:259) ~[org.eclipse.m2e.core_1.12.0.20190529-1916.jar:na]
	at org.eclipse.m2e.core.internal.project.ProjectConfigurationManager$1.call(ProjectConfigurationManager.java:175) ~[org.eclipse.m2e.core_1.12.0.20190529-1916.jar:na]
	at org.eclipse.m2e.core.internal.project.ProjectConfigurationManager$1.call(ProjectConfigurationManager.java:1) ~[org.eclipse.m2e.core_1.12.0.20190529-1916.jar:na]
	at org.eclipse.m2e.core.internal.embedder.MavenExecutionContext.executeBare(MavenExecutionContext.java:177) ~[org.eclipse.m2e.core_1.12.0.20190529-1916.jar:na]
	at org.eclipse.m2e.core.internal.embedder.MavenExecutionContext.execute(MavenExecutionContext.java:151) ~[org.eclipse.m2e.core_1.12.0.20190529-1916.jar:na]
	at org.eclipse.m2e.core.internal.embedder.MavenExecutionContext.execute(MavenExecutionContext.java:99) ~[org.eclipse.m2e.core_1.12.0.20190529-1916.jar:na]
	at org.eclipse.m2e.core.internal.embedder.MavenImpl.execute(MavenImpl.java:1374) [org.eclipse.m2e.core_1.12.0.20190529-1916.jar:na]
	at org.eclipse.m2e.core.internal.project.ProjectConfigurationManager.importProjects(ProjectConfigurationManager.java:143) ~[org.eclipse.m2e.core_1.12.0.20190529-1916.jar:na]
	at org.eclipse.m2e.core.ui.internal.wizards.ImportMavenProjectsJob$1.doCreateMavenProjects(ImportMavenProjectsJob.java:68) ~[org.eclipse.m2e.core.ui_1.12.0.20190529-1916.jar:na]
	at org.eclipse.m2e.core.ui.internal.wizards.AbstractCreateMavenProjectsOperation.run(AbstractCreateMavenProjectsOperation.java:73) ~[org.eclipse.m2e.core.ui_1.12.0.20190529-1916.jar:na]
	at org.eclipse.m2e.core.ui.internal.wizards.ImportMavenProjectsJob.runInWorkspace(ImportMavenProjectsJob.java:77) ~[org.eclipse.m2e.core.ui_1.12.0.20190529-1916.jar:na]
	at org.eclipse.core.internal.resources.InternalWorkspaceJob.run(InternalWorkspaceJob.java:42) ~[org.eclipse.core.resources_3.13.400.v20190505-1655.jar:na]
	at org.eclipse.core.internal.jobs.Worker.run(Worker.java:63) ~[org.eclipse.core.jobs_3.10.400.v20190506-1457.jar:na]
Caused by: org.apache.maven.model.building.ModelBuildingException: 1 problem was encountered while building the effective model for org.springframework.boot:spring-boot-starter-parent:2.0.4.RELEASE
[FATAL] Non-parseable POM D:\WorkSpace\Maven\respository\org\eclipse\jetty\jetty-bom\9.4.11.v20180605\jetty-bom-9.4.11.v20180605.pom: start tag not allowed in epilog but got p (position: END_TAG seen ...</profiles>\n</project>\n<p... @507:3)  @ D:\WorkSpace\Maven\respository\org\eclipse\jetty\jetty-bom\9.4.11.v20180605\jetty-bom-9.4.11.v20180605.pom, line 507, column 3

	at org.apache.maven.model.building.DefaultModelProblemCollector.newModelBuildingException(DefaultModelProblemCollector.java:197) ~[maven-model-builder-3.6.1.jar:3.6.1]
	at org.apache.maven.model.building.DefaultModelBuilder.build(DefaultModelBuilder.java:490) ~[maven-model-builder-3.6.1.jar:3.6.1]
	at org.apache.maven.model.building.DefaultModelBuilder.build(DefaultModelBuilder.java:432) ~[maven-model-builder-3.6.1.jar:3.6.1]
	at org.apache.maven.model.building.DefaultModelBuilder.build(DefaultModelBuilder.java:422) ~[maven-model-builder-3.6.1.jar:3.6.1]
	at org.apache.maven.project.DefaultProjectBuilder.build(DefaultProjectBuilder.java:171) ~[maven-core-3.6.1.jar:3.6.1]
	... 33 common frames omitted
2019-08-06 22:08:13,242 [Worker-12: Importing Maven projects] INFO  o.e.m.c.i.l.LifecycleMappingFactory - Using org.maven.ide.eclipse.wtp.WarLifecycleMapping lifecycle mapping for MavenProject: com.liangx.practice:WebDemo1:0.0.1-SNAPSHOT @ D:\WorkSpace\eclipse\WebDemo1\pom.xml.
2019-08-06 22:08:13,652 [Worker-12: Importing Maven projects] WARN  o.e.m.c.i.embedder.EclipseLogger - The POM for org.springframework.boot:spring-boot-starter-web:jar:2.0.4.RELEASE is invalid, transitive dependencies (if any) will not be available, enable debug logging for more details
2019-08-06 22:08:13,763 [Worker-12: Importing Maven projects] WARN  o.e.m.c.i.embedder.EclipseLogger - The POM for org.springframework.boot:spring-boot-starter-test:jar:2.0.4.RELEASE is invalid, transitive dependencies (if any) will not be available, enable debug logging for more details
2019-08-06 22:08:14,691 [Worker-12: Importing Maven projects] WARN  o.e.m.c.i.embedder.EclipseLogger - The POM for org.springframework.boot:spring-boot-starter:jar:2.0.4.RELEASE is invalid, transitive dependencies (if any) will not be available, enable debug logging for more details
2019-08-06 22:08:14,798 [Worker-12: Importing Maven projects] WARN  o.e.m.c.i.embedder.EclipseLogger - The POM for org.springframework.boot:spring-boot-starter-jdbc:jar:2.0.4.RELEASE is invalid, transitive dependencies (if any) will not be available, enable debug logging for more details
2019-08-06 22:08:14,976 [Worker-12: Importing Maven projects] WARN  o.e.m.c.i.embedder.EclipseLogger - The POM for org.springframework.boot:spring-boot-autoconfigure:jar:2.0.4.RELEASE is invalid, transitive dependencies (if any) will not be available, enable debug logging for more details
2019-08-06 22:08:22,687 [Worker-12: Importing Maven projects] INFO  o.e.m.c.i.p.ProjectConfigurationManager - Imported and configured 1 project(s) in 18 sec
2019-08-06 22:11:09,828 [Worker-21: Updating Maven Project] INFO  o.e.m.c.i.p.ProjectConfigurationManager - Update started
2019-08-06 22:11:09,997 [Worker-21: Updating Maven Project] WARN  o.e.m.c.i.embedder.EclipseLogger - The POM for org.springframework.boot:spring-boot-maven-plugin:jar:2.0.4.RELEASE is invalid, transitive dependencies (if any) will not be available, enable debug logging for more details
2019-08-06 22:11:10,042 [Worker-21: Updating Maven Project] WARN  o.e.m.c.i.embedder.EclipseLogger - The POM for org.springframework.boot:spring-boot-maven-plugin:jar:2.0.4.RELEASE is invalid, transitive dependencies (if any) will not be available, enable debug logging for more details
2019-08-06 22:11:10,070 [Worker-21: Updating Maven Project] WARN  o.e.m.c.i.embedder.EclipseLogger - The POM for org.springframework.boot:spring-boot-maven-plugin:jar:2.0.4.RELEASE is invalid, transitive dependencies (if any) will not be available, enable debug logging for more details
2019-08-06 22:11:10,193 [Worker-21: Updating Maven Project] WARN  o.e.m.c.i.embedder.EclipseLogger - Failed to build parent project for org.springframework.boot:spring-boot-starter-parent:pom:2.0.4.RELEASE
2019-08-06 22:11:10,211 [Worker-21: Updating Maven Project] ERROR o.e.m.c.internal.embedder.MavenImpl - Could not read parent project
org.apache.maven.project.ProjectBuildingException: Some problems were encountered while processing the POMs:
[FATAL] Non-parseable POM D:\WorkSpace\Maven\respository\org\eclipse\jetty\jetty-bom\9.4.11.v20180605\jetty-bom-9.4.11.v20180605.pom: start tag not allowed in epilog but got p (position: END_TAG seen ...</profiles>\n</project>\n<p... @507:3)  @ D:\WorkSpace\Maven\respository\org\eclipse\jetty\jetty-bom\9.4.11.v20180605\jetty-bom-9.4.11.v20180605.pom, line 507, column 3

	at org.apache.maven.project.DefaultProjectBuilder.build(DefaultProjectBuilder.java:205) ~[maven-core-3.6.1.jar:3.6.1]
	at org.apache.maven.project.DefaultProjectBuilder.build(DefaultProjectBuilder.java:340) ~[maven-core-3.6.1.jar:3.6.1]
	at org.apache.maven.project.DefaultProjectBuilder.build(DefaultProjectBuilder.java:297) ~[maven-core-3.6.1.jar:3.6.1]
	at org.eclipse.m2e.core.internal.embedder.MavenImpl.resolveParentProject(MavenImpl.java:718) [org.eclipse.m2e.core_1.12.0.20190529-1916.jar:na]
	at org.eclipse.m2e.core.internal.embedder.MavenImpl.lambda$3(MavenImpl.java:737) [org.eclipse.m2e.core_1.12.0.20190529-1916.jar:na]
	at org.eclipse.m2e.core.internal.embedder.MavenExecutionContext.executeBare(MavenExecutionContext.java:177) ~[org.eclipse.m2e.core_1.12.0.20190529-1916.jar:na]
	at org.eclipse.m2e.core.internal.embedder.MavenExecutionContext.execute(MavenExecutionContext.java:112) ~[org.eclipse.m2e.core_1.12.0.20190529-1916.jar:na]
	at org.eclipse.m2e.core.internal.embedder.MavenImpl.resolveParentProject(MavenImpl.java:737) [org.eclipse.m2e.core_1.12.0.20190529-1916.jar:na]
	at org.eclipse.m2e.core.internal.lifecyclemapping.LifecycleMappingFactory.getPomMappingMetadataSources(LifecycleMappingFactory.java:877) ~[org.eclipse.m2e.core_1.12.0.20190529-1916.jar:na]
	at org.eclipse.m2e.core.internal.lifecyclemapping.LifecycleMappingFactory.getProjectMetadataSourcesMap(LifecycleMappingFactory.java:279) ~[org.eclipse.m2e.core_1.12.0.20190529-1916.jar:na]
	at org.eclipse.m2e.core.internal.lifecyclemapping.LifecycleMappingFactory.getProjectMetadataSources(LifecycleMappingFactory.java:256) ~[org.eclipse.m2e.core_1.12.0.20190529-1916.jar:na]
	at org.eclipse.m2e.core.internal.lifecyclemapping.LifecycleMappingFactory.calculateEffectiveLifecycleMappingMetadata(LifecycleMappingFactory.java:240) ~[org.eclipse.m2e.core_1.12.0.20190529-1916.jar:na]
	at org.eclipse.m2e.core.internal.lifecyclemapping.LifecycleMappingFactory.calculateLifecycleMapping(LifecycleMappingFactory.java:181) ~[org.eclipse.m2e.core_1.12.0.20190529-1916.jar:na]
	at org.eclipse.m2e.core.internal.project.registry.ProjectRegistryManager.setupLifecycleMapping(ProjectRegistryManager.java:615) ~[org.eclipse.m2e.core_1.12.0.20190529-1916.jar:na]
	at org.eclipse.m2e.core.internal.project.registry.ProjectRegistryManager.refreshPhase2(ProjectRegistryManager.java:534) ~[org.eclipse.m2e.core_1.12.0.20190529-1916.jar:na]
	at org.eclipse.m2e.core.internal.project.registry.ProjectRegistryManager.lambda$2(ProjectRegistryManager.java:515) ~[org.eclipse.m2e.core_1.12.0.20190529-1916.jar:na]
	at org.eclipse.m2e.core.internal.embedder.MavenExecutionContext.executeBare(MavenExecutionContext.java:177) ~[org.eclipse.m2e.core_1.12.0.20190529-1916.jar:na]
	at org.eclipse.m2e.core.internal.embedder.MavenExecutionContext.execute(MavenExecutionContext.java:151) ~[org.eclipse.m2e.core_1.12.0.20190529-1916.jar:na]
	at org.eclipse.m2e.core.internal.project.registry.ProjectRegistryManager.refresh(ProjectRegistryManager.java:513) ~[org.eclipse.m2e.core_1.12.0.20190529-1916.jar:na]
	at org.eclipse.m2e.core.internal.project.registry.ProjectRegistryManager.refresh(ProjectRegistryManager.java:365) ~[org.eclipse.m2e.core_1.12.0.20190529-1916.jar:na]
	at org.eclipse.m2e.core.internal.project.registry.ProjectRegistryManager.refresh(ProjectRegistryManager.java:312) ~[org.eclipse.m2e.core_1.12.0.20190529-1916.jar:na]
	at org.eclipse.m2e.core.internal.project.ProjectConfigurationManager.updateProjectConfiguration0(ProjectConfigurationManager.java:405) ~[org.eclipse.m2e.core_1.12.0.20190529-1916.jar:na]
	at org.eclipse.m2e.core.internal.project.ProjectConfigurationManager$2.call(ProjectConfigurationManager.java:352) ~[org.eclipse.m2e.core_1.12.0.20190529-1916.jar:na]
	at org.eclipse.m2e.core.internal.project.ProjectConfigurationManager$2.call(ProjectConfigurationManager.java:1) ~[org.eclipse.m2e.core_1.12.0.20190529-1916.jar:na]
	at org.eclipse.m2e.core.internal.embedder.MavenExecutionContext.executeBare(MavenExecutionContext.java:177) ~[org.eclipse.m2e.core_1.12.0.20190529-1916.jar:na]
	at org.eclipse.m2e.core.internal.embedder.MavenExecutionContext.execute(MavenExecutionContext.java:151) ~[org.eclipse.m2e.core_1.12.0.20190529-1916.jar:na]
	at org.eclipse.m2e.core.internal.embedder.MavenExecutionContext.execute(MavenExecutionContext.java:99) ~[org.eclipse.m2e.core_1.12.0.20190529-1916.jar:na]
	at org.eclipse.m2e.core.internal.embedder.MavenImpl.execute(MavenImpl.java:1370) [org.eclipse.m2e.core_1.12.0.20190529-1916.jar:na]
	at org.eclipse.m2e.core.internal.project.ProjectConfigurationManager.updateProjectConfiguration(ProjectConfigurationManager.java:349) ~[org.eclipse.m2e.core_1.12.0.20190529-1916.jar:na]
	at org.eclipse.m2e.core.ui.internal.UpdateMavenProjectJob.runInWorkspace(UpdateMavenProjectJob.java:77) ~[org.eclipse.m2e.core.ui_1.12.0.20190529-1916.jar:na]
	at org.eclipse.core.internal.resources.InternalWorkspaceJob.run(InternalWorkspaceJob.java:42) ~[org.eclipse.core.resources_3.13.400.v20190505-1655.jar:na]
	at org.eclipse.core.internal.jobs.Worker.run(Worker.java:63) ~[org.eclipse.core.jobs_3.10.400.v20190506-1457.jar:na]
Caused by: org.apache.maven.model.building.ModelBuildingException: 1 problem was encountered while building the effective model for org.springframework.boot:spring-boot-starter-parent:2.0.4.RELEASE
[FATAL] Non-parseable POM D:\WorkSpace\Maven\respository\org\eclipse\jetty\jetty-bom\9.4.11.v20180605\jetty-bom-9.4.11.v20180605.pom: start tag not allowed in epilog but got p (position: END_TAG seen ...</profiles>\n</project>\n<p... @507:3)  @ D:\WorkSpace\Maven\respository\org\eclipse\jetty\jetty-bom\9.4.11.v20180605\jetty-bom-9.4.11.v20180605.pom, line 507, column 3

	at org.apache.maven.model.building.DefaultModelProblemCollector.newModelBuildingException(DefaultModelProblemCollector.java:197) ~[maven-model-builder-3.6.1.jar:3.6.1]
	at org.apache.maven.model.building.DefaultModelBuilder.build(DefaultModelBuilder.java:490) ~[maven-model-builder-3.6.1.jar:3.6.1]
	at org.apache.maven.model.building.DefaultModelBuilder.build(DefaultModelBuilder.java:432) ~[maven-model-builder-3.6.1.jar:3.6.1]
	at org.apache.maven.model.building.DefaultModelBuilder.build(DefaultModelBuilder.java:422) ~[maven-model-builder-3.6.1.jar:3.6.1]
	at org.apache.maven.project.DefaultProjectBuilder.build(DefaultProjectBuilder.java:171) ~[maven-core-3.6.1.jar:3.6.1]
	... 31 common frames omitted
2019-08-06 22:11:10,224 [Worker-21: Updating Maven Project] INFO  o.e.m.c.i.l.LifecycleMappingFactory - Using org.maven.ide.eclipse.wtp.WarLifecycleMapping lifecycle mapping for MavenProject: com.liangx.practice:WebDemo1:0.0.1-SNAPSHOT @ D:\WorkSpace\eclipse\WebDemo1\pom.xml.
2019-08-06 22:11:10,250 [Worker-21: Updating Maven Project] WARN  o.e.m.c.i.embedder.EclipseLogger - The POM for org.springframework.boot:spring-boot-starter-web:jar:2.0.4.RELEASE is invalid, transitive dependencies (if any) will not be available, enable debug logging for more details
2019-08-06 22:11:10,270 [Worker-21: Updating Maven Project] WARN  o.e.m.c.i.embedder.EclipseLogger - The POM for org.springframework.boot:spring-boot-starter-test:jar:2.0.4.RELEASE is invalid, transitive dependencies (if any) will not be available, enable debug logging for more details
2019-08-06 22:11:10,349 [Worker-21: Updating Maven Project] WARN  o.e.m.c.i.embedder.EclipseLogger - The POM for org.springframework.boot:spring-boot-starter:jar:2.0.4.RELEASE is invalid, transitive dependencies (if any) will not be available, enable debug logging for more details
2019-08-06 22:11:10,373 [Worker-21: Updating Maven Project] WARN  o.e.m.c.i.embedder.EclipseLogger - The POM for org.springframework.boot:spring-boot-starter-jdbc:jar:2.0.4.RELEASE is invalid, transitive dependencies (if any) will not be available, enable debug logging for more details
2019-08-06 22:11:10,399 [Worker-21: Updating Maven Project] WARN  o.e.m.c.i.embedder.EclipseLogger - The POM for org.springframework.boot:spring-boot-autoconfigure:jar:2.0.4.RELEASE is invalid, transitive dependencies (if any) will not be available, enable debug logging for more details
2019-08-06 22:11:10,640 [Worker-21: Updating Maven Project] INFO  o.e.m.c.i.p.ProjectConfigurationManager - Update completed: 0 sec
2019-08-06 22:11:28,742 [Worker-22: reload maven project] ERROR o.e.m2e.editor.pom.MavenPomEditor - failed to load maven project for org.eclipse.ui.part.FileEditorInput(/WebDemo1/pom.xml)
org.eclipse.core.runtime.CoreException: Could not read maven project
	at org.eclipse.m2e.core.internal.project.registry.ProjectRegistryManager.readProjectWithDependencies(ProjectRegistryManager.java:851) ~[na:na]
	at org.eclipse.m2e.core.internal.project.registry.ProjectRegistryManager$2.call(ProjectRegistryManager.java:1069) ~[na:na]
	at org.eclipse.m2e.core.internal.project.registry.ProjectRegistryManager$2.call(ProjectRegistryManager.java:1) ~[na:na]
	at com.google.common.cache.LocalCache$LocalManualCache$1.load(LocalCache.java:5065) ~[na:na]
	at com.google.common.cache.LocalCache$LoadingValueReference.loadFuture(LocalCache.java:3716) ~[na:na]
	at com.google.common.cache.LocalCache$Segment.loadSync(LocalCache.java:2424) ~[na:na]
	at com.google.common.cache.LocalCache$Segment.lockedGetOrLoad(LocalCache.java:2298) ~[na:na]
	at com.google.common.cache.LocalCache$Segment.get(LocalCache.java:2211) ~[na:na]
	at com.google.common.cache.LocalCache.get(LocalCache.java:4154) ~[na:na]
	at com.google.common.cache.LocalCache$LocalManualCache.get(LocalCache.java:5060) ~[na:na]
	at org.eclipse.m2e.core.internal.project.registry.ProjectRegistryManager.getMavenProject(ProjectRegistryManager.java:1067) ~[na:na]
	at org.eclipse.m2e.core.internal.project.registry.MavenProjectFacade.getMavenProject(MavenProjectFacade.java:242) ~[na:na]
	at org.eclipse.m2e.core.ui.internal.actions.SelectionUtil.getMavenProject(SelectionUtil.java:261) ~[org.eclipse.m2e.core.ui_1.12.0.20190529-1916.jar:na]
	at org.eclipse.m2e.editor.pom.MavenPomEditor.readMavenProject(MavenPomEditor.java:740) ~[na:na]
	at org.eclipse.m2e.editor.pom.MavenPomEditor$5.run(MavenPomEditor.java:1074) ~[na:na]
	at org.eclipse.core.internal.jobs.Worker.run(Worker.java:63) [org.eclipse.core.jobs_3.10.400.v20190506-1457.jar:na]
2019-08-06 22:21:48,982 [Worker-2: Updating Maven Project] INFO  o.e.m.c.i.p.ProjectConfigurationManager - Update started
2019-08-06 22:21:49,194 [Worker-2: Updating Maven Project] WARN  o.e.m.c.i.embedder.EclipseLogger - The POM for org.springframework.boot:spring-boot-maven-plugin:jar:2.0.4.RELEASE is invalid, transitive dependencies (if any) will not be available, enable debug logging for more details
2019-08-06 22:21:49,214 [Worker-2: Updating Maven Project] WARN  o.e.m.c.i.embedder.EclipseLogger - The POM for org.springframework.boot:spring-boot-maven-plugin:jar:2.0.4.RELEASE is invalid, transitive dependencies (if any) will not be available, enable debug logging for more details
2019-08-06 22:21:49,232 [Worker-2: Updating Maven Project] WARN  o.e.m.c.i.embedder.EclipseLogger - The POM for org.springframework.boot:spring-boot-maven-plugin:jar:2.0.4.RELEASE is invalid, transitive dependencies (if any) will not be available, enable debug logging for more details
2019-08-06 22:21:50,107 [Worker-2: Updating Maven Project] WARN  o.e.m.c.i.embedder.EclipseLogger - Failed to build parent project for org.springframework.boot:spring-boot-starter-parent:pom:2.0.4.RELEASE
2019-08-06 22:21:50,122 [Worker-2: Updating Maven Project] ERROR o.e.m.c.internal.embedder.MavenImpl - Could not read parent project
org.apache.maven.project.ProjectBuildingException: Some problems were encountered while processing the POMs:
[FATAL] Non-parseable POM D:\WorkSpace\Maven\respository\org\eclipse\jetty\jetty-bom\9.4.11.v20180605\jetty-bom-9.4.11.v20180605.pom: start tag not allowed in epilog but got p (position: END_TAG seen ...</profiles>\n</project>\n<p... @507:3)  @ D:\WorkSpace\Maven\respository\org\eclipse\jetty\jetty-bom\9.4.11.v20180605\jetty-bom-9.4.11.v20180605.pom, line 507, column 3

	at org.apache.maven.project.DefaultProjectBuilder.build(DefaultProjectBuilder.java:205) ~[maven-core-3.6.1.jar:3.6.1]
	at org.apache.maven.project.DefaultProjectBuilder.build(DefaultProjectBuilder.java:340) ~[maven-core-3.6.1.jar:3.6.1]
	at org.apache.maven.project.DefaultProjectBuilder.build(DefaultProjectBuilder.java:297) ~[maven-core-3.6.1.jar:3.6.1]
	at org.eclipse.m2e.core.internal.embedder.MavenImpl.resolveParentProject(MavenImpl.java:718) [org.eclipse.m2e.core_1.12.0.20190529-1916.jar:na]
	at org.eclipse.m2e.core.internal.embedder.MavenImpl.lambda$3(MavenImpl.java:737) [org.eclipse.m2e.core_1.12.0.20190529-1916.jar:na]
	at org.eclipse.m2e.core.internal.embedder.MavenExecutionContext.executeBare(MavenExecutionContext.java:177) ~[org.eclipse.m2e.core_1.12.0.20190529-1916.jar:na]
	at org.eclipse.m2e.core.internal.embedder.MavenExecutionContext.execute(MavenExecutionContext.java:112) ~[org.eclipse.m2e.core_1.12.0.20190529-1916.jar:na]
	at org.eclipse.m2e.core.internal.embedder.MavenImpl.resolveParentProject(MavenImpl.java:737) [org.eclipse.m2e.core_1.12.0.20190529-1916.jar:na]
	at org.eclipse.m2e.core.internal.lifecyclemapping.LifecycleMappingFactory.getPomMappingMetadataSources(LifecycleMappingFactory.java:877) ~[org.eclipse.m2e.core_1.12.0.20190529-1916.jar:na]
	at org.eclipse.m2e.core.internal.lifecyclemapping.LifecycleMappingFactory.getProjectMetadataSourcesMap(LifecycleMappingFactory.java:279) ~[org.eclipse.m2e.core_1.12.0.20190529-1916.jar:na]
	at org.eclipse.m2e.core.internal.lifecyclemapping.LifecycleMappingFactory.getProjectMetadataSources(LifecycleMappingFactory.java:256) ~[org.eclipse.m2e.core_1.12.0.20190529-1916.jar:na]
	at org.eclipse.m2e.core.internal.lifecyclemapping.LifecycleMappingFactory.calculateEffectiveLifecycleMappingMetadata(LifecycleMappingFactory.java:240) ~[org.eclipse.m2e.core_1.12.0.20190529-1916.jar:na]
	at org.eclipse.m2e.core.internal.lifecyclemapping.LifecycleMappingFactory.calculateLifecycleMapping(LifecycleMappingFactory.java:181) ~[org.eclipse.m2e.core_1.12.0.20190529-1916.jar:na]
	at org.eclipse.m2e.core.internal.project.registry.ProjectRegistryManager.setupLifecycleMapping(ProjectRegistryManager.java:615) ~[org.eclipse.m2e.core_1.12.0.20190529-1916.jar:na]
	at org.eclipse.m2e.core.internal.project.registry.ProjectRegistryManager.refreshPhase2(ProjectRegistryManager.java:534) ~[org.eclipse.m2e.core_1.12.0.20190529-1916.jar:na]
	at org.eclipse.m2e.core.internal.project.registry.ProjectRegistryManager.lambda$2(ProjectRegistryManager.java:515) ~[org.eclipse.m2e.core_1.12.0.20190529-1916.jar:na]
	at org.eclipse.m2e.core.internal.embedder.MavenExecutionContext.executeBare(MavenExecutionContext.java:177) ~[org.eclipse.m2e.core_1.12.0.20190529-1916.jar:na]
	at org.eclipse.m2e.core.internal.embedder.MavenExecutionContext.execute(MavenExecutionContext.java:151) ~[org.eclipse.m2e.core_1.12.0.20190529-1916.jar:na]
	at org.eclipse.m2e.core.internal.project.registry.ProjectRegistryManager.refresh(ProjectRegistryManager.java:513) ~[org.eclipse.m2e.core_1.12.0.20190529-1916.jar:na]
	at org.eclipse.m2e.core.internal.project.registry.ProjectRegistryManager.refresh(ProjectRegistryManager.java:365) ~[org.eclipse.m2e.core_1.12.0.20190529-1916.jar:na]
	at org.eclipse.m2e.core.internal.project.registry.ProjectRegistryManager.refresh(ProjectRegistryManager.java:312) ~[org.eclipse.m2e.core_1.12.0.20190529-1916.jar:na]
	at org.eclipse.m2e.core.internal.project.ProjectConfigurationManager.updateProjectConfiguration0(ProjectConfigurationManager.java:405) ~[org.eclipse.m2e.core_1.12.0.20190529-1916.jar:na]
	at org.eclipse.m2e.core.internal.project.ProjectConfigurationManager$2.call(ProjectConfigurationManager.java:352) ~[org.eclipse.m2e.core_1.12.0.20190529-1916.jar:na]
	at org.eclipse.m2e.core.internal.project.ProjectConfigurationManager$2.call(ProjectConfigurationManager.java:1) ~[org.eclipse.m2e.core_1.12.0.20190529-1916.jar:na]
	at org.eclipse.m2e.core.internal.embedder.MavenExecutionContext.executeBare(MavenExecutionContext.java:177) ~[org.eclipse.m2e.core_1.12.0.20190529-1916.jar:na]
	at org.eclipse.m2e.core.internal.embedder.MavenExecutionContext.execute(MavenExecutionContext.java:151) ~[org.eclipse.m2e.core_1.12.0.20190529-1916.jar:na]
	at org.eclipse.m2e.core.internal.embedder.MavenExecutionContext.execute(MavenExecutionContext.java:99) ~[org.eclipse.m2e.core_1.12.0.20190529-1916.jar:na]
	at org.eclipse.m2e.core.internal.embedder.MavenImpl.execute(MavenImpl.java:1370) [org.eclipse.m2e.core_1.12.0.20190529-1916.jar:na]
	at org.eclipse.m2e.core.internal.project.ProjectConfigurationManager.updateProjectConfiguration(ProjectConfigurationManager.java:349) ~[org.eclipse.m2e.core_1.12.0.20190529-1916.jar:na]
	at org.eclipse.m2e.core.ui.internal.UpdateMavenProjectJob.runInWorkspace(UpdateMavenProjectJob.java:77) ~[org.eclipse.m2e.core.ui_1.12.0.20190529-1916.jar:na]
	at org.eclipse.core.internal.resources.InternalWorkspaceJob.run(InternalWorkspaceJob.java:42) ~[org.eclipse.core.resources_3.13.400.v20190505-1655.jar:na]
	at org.eclipse.core.internal.jobs.Worker.run(Worker.java:63) ~[org.eclipse.core.jobs_3.10.400.v20190506-1457.jar:na]
Caused by: org.apache.maven.model.building.ModelBuildingException: 1 problem was encountered while building the effective model for org.springframework.boot:spring-boot-starter-parent:2.0.4.RELEASE
[FATAL] Non-parseable POM D:\WorkSpace\Maven\respository\org\eclipse\jetty\jetty-bom\9.4.11.v20180605\jetty-bom-9.4.11.v20180605.pom: start tag not allowed in epilog but got p (position: END_TAG seen ...</profiles>\n</project>\n<p... @507:3)  @ D:\WorkSpace\Maven\respository\org\eclipse\jetty\jetty-bom\9.4.11.v20180605\jetty-bom-9.4.11.v20180605.pom, line 507, column 3

	at org.apache.maven.model.building.DefaultModelProblemCollector.newModelBuildingException(DefaultModelProblemCollector.java:197) ~[maven-model-builder-3.6.1.jar:3.6.1]
	at org.apache.maven.model.building.DefaultModelBuilder.build(DefaultModelBuilder.java:490) ~[maven-model-builder-3.6.1.jar:3.6.1]
	at org.apache.maven.model.building.DefaultModelBuilder.build(DefaultModelBuilder.java:432) ~[maven-model-builder-3.6.1.jar:3.6.1]
	at org.apache.maven.model.building.DefaultModelBuilder.build(DefaultModelBuilder.java:422) ~[maven-model-builder-3.6.1.jar:3.6.1]
	at org.apache.maven.project.DefaultProjectBuilder.build(DefaultProjectBuilder.java:171) ~[maven-core-3.6.1.jar:3.6.1]
	... 31 common frames omitted
2019-08-06 22:21:50,133 [Worker-2: Updating Maven Project] INFO  o.e.m.c.i.l.LifecycleMappingFactory - Using org.maven.ide.eclipse.wtp.WarLifecycleMapping lifecycle mapping for MavenProject: com.liangx.practice:WebDemo1:0.0.1-SNAPSHOT @ D:\WorkSpace\eclipse\WebDemo1\pom.xml.
2019-08-06 22:21:50,204 [Worker-2: Updating Maven Project] WARN  o.e.m.c.i.embedder.EclipseLogger - The POM for org.springframework.boot:spring-boot-starter-web:jar:2.0.4.RELEASE is invalid, transitive dependencies (if any) will not be available, enable debug logging for more details
2019-08-06 22:21:50,238 [Worker-2: Updating Maven Project] WARN  o.e.m.c.i.embedder.EclipseLogger - The POM for org.springframework.boot:spring-boot-starter-test:jar:2.0.4.RELEASE is invalid, transitive dependencies (if any) will not be available, enable debug logging for more details
2019-08-06 22:21:50,427 [Worker-2: Updating Maven Project] WARN  o.e.m.c.i.embedder.EclipseLogger - The POM for org.springframework.boot:spring-boot-starter:jar:2.0.4.RELEASE is invalid, transitive dependencies (if any) will not be available, enable debug logging for more details
2019-08-06 22:21:50,452 [Worker-2: Updating Maven Project] WARN  o.e.m.c.i.embedder.EclipseLogger - The POM for org.springframework.boot:spring-boot-starter-jdbc:jar:2.0.4.RELEASE is invalid, transitive dependencies (if any) will not be available, enable debug logging for more details
2019-08-06 22:21:50,558 [Worker-2: Updating Maven Project] WARN  o.e.m.c.i.embedder.EclipseLogger - The POM for org.springframework.boot:spring-boot-autoconfigure:jar:2.0.4.RELEASE is invalid, transitive dependencies (if any) will not be available, enable debug logging for more details
2019-08-06 22:21:56,838 [Worker-2: Updating Maven Project] INFO  o.e.m.c.i.p.ProjectConfigurationManager - Update completed: 7 sec
2019-08-06 22:22:09,756 [Worker-2: Updating Maven Dependencies] ERROR o.e.m.c.i.p.r.ProjectRegistryRefreshJob - Resource '/WebDemo1/pom.xml' does not exist.
org.eclipse.core.internal.resources.ResourceException: Resource '/WebDemo1/pom.xml' does not exist.
	at org.eclipse.core.internal.resources.Resource.checkExists(Resource.java:330) ~[na:na]
	at org.eclipse.core.internal.resources.Resource.checkAccessible(Resource.java:204) ~[na:na]
	at org.eclipse.core.internal.resources.Resource.deleteMarkers(Resource.java:790) ~[na:na]
	at org.eclipse.m2e.core.internal.markers.MavenMarkerManager.deleteMarkers(MavenMarkerManager.java:248) ~[na:na]
	at org.eclipse.m2e.core.internal.markers.MavenMarkerManager.deleteMarkers(MavenMarkerManager.java:242) ~[na:na]
	at org.eclipse.m2e.core.internal.project.registry.ProjectRegistryManager.readMavenProjectFacades(ProjectRegistryManager.java:717) ~[na:na]
	at org.eclipse.m2e.core.internal.project.registry.ProjectRegistryManager.refresh(ProjectRegistryManager.java:432) ~[na:na]
	at org.eclipse.m2e.core.internal.project.registry.ProjectRegistryManager.refresh(ProjectRegistryManager.java:365) ~[na:na]
	at org.eclipse.m2e.core.internal.project.registry.ProjectRegistryRefreshJob.lambda$4(ProjectRegistryRefreshJob.java:139) ~[na:na]
	at org.eclipse.m2e.core.internal.embedder.MavenExecutionContext.executeBare(MavenExecutionContext.java:177) ~[na:na]
	at org.eclipse.m2e.core.internal.embedder.MavenExecutionContext.execute(MavenExecutionContext.java:151) ~[na:na]
	at org.eclipse.m2e.core.internal.embedder.MavenExecutionContext.execute(MavenExecutionContext.java:99) ~[na:na]
	at org.eclipse.m2e.core.internal.embedder.MavenImpl.execute(MavenImpl.java:1370) ~[na:na]
	at org.eclipse.m2e.core.internal.project.registry.ProjectRegistryRefreshJob.lambda$0(ProjectRegistryRefreshJob.java:138) ~[na:na]
	at org.eclipse.m2e.core.internal.embedder.MavenExecutionContext.executeBare(MavenExecutionContext.java:177) ~[na:na]
	at org.eclipse.m2e.core.internal.embedder.MavenExecutionContext.execute(MavenExecutionContext.java:151) ~[na:na]
	at org.eclipse.m2e.core.internal.embedder.MavenExecutionContext.execute(MavenExecutionContext.java:99) ~[na:na]
	at org.eclipse.m2e.core.internal.embedder.MavenImpl.execute(MavenImpl.java:1374) ~[na:na]
	at org.eclipse.m2e.core.internal.project.registry.ProjectRegistryRefreshJob.run(ProjectRegistryRefreshJob.java:82) ~[na:na]
	at org.eclipse.core.internal.jobs.Worker.run(Worker.java:63) [org.eclipse.core.jobs_3.10.400.v20190506-1457.jar:na]
Caused by: java.lang.Exception: Resource '/WebDemo1/pom.xml' does not exist.
	at org.eclipse.core.internal.resources.ResourceException.provideStackTrace(ResourceException.java:42) ~[na:na]
	at org.eclipse.core.internal.resources.ResourceException.<init>(ResourceException.java:38) ~[na:na]
	... 20 common frames omitted
2019-08-06 22:22:28,651 [Worker-23: Importing Maven projects] WARN  o.e.m.c.i.embedder.EclipseLogger - The POM for org.springframework.boot:spring-boot-maven-plugin:jar:2.0.4.RELEASE is invalid, transitive dependencies (if any) will not be available, enable debug logging for more details
2019-08-06 22:22:28,674 [Worker-23: Importing Maven projects] WARN  o.e.m.c.i.embedder.EclipseLogger - The POM for org.springframework.boot:spring-boot-maven-plugin:jar:2.0.4.RELEASE is invalid, transitive dependencies (if any) will not be available, enable debug logging for more details
2019-08-06 22:22:28,697 [Worker-23: Importing Maven projects] WARN  o.e.m.c.i.embedder.EclipseLogger - The POM for org.springframework.boot:spring-boot-maven-plugin:jar:2.0.4.RELEASE is invalid, transitive dependencies (if any) will not be available, enable debug logging for more details
2019-08-06 22:22:28,840 [Worker-23: Importing Maven projects] WARN  o.e.m.c.i.embedder.EclipseLogger - Failed to build parent project for org.springframework.boot:spring-boot-starter-parent:pom:2.0.4.RELEASE
2019-08-06 22:22:28,862 [Worker-23: Importing Maven projects] ERROR o.e.m.c.internal.embedder.MavenImpl - Could not read parent project
org.apache.maven.project.ProjectBuildingException: Some problems were encountered while processing the POMs:
[FATAL] Non-parseable POM D:\WorkSpace\Maven\respository\org\eclipse\jetty\jetty-bom\9.4.11.v20180605\jetty-bom-9.4.11.v20180605.pom: start tag not allowed in epilog but got p (position: END_TAG seen ...</profiles>\n</project>\n<p... @507:3)  @ D:\WorkSpace\Maven\respository\org\eclipse\jetty\jetty-bom\9.4.11.v20180605\jetty-bom-9.4.11.v20180605.pom, line 507, column 3

	at org.apache.maven.project.DefaultProjectBuilder.build(DefaultProjectBuilder.java:205) ~[maven-core-3.6.1.jar:3.6.1]
	at org.apache.maven.project.DefaultProjectBuilder.build(DefaultProjectBuilder.java:340) ~[maven-core-3.6.1.jar:3.6.1]
	at org.apache.maven.project.DefaultProjectBuilder.build(DefaultProjectBuilder.java:297) ~[maven-core-3.6.1.jar:3.6.1]
	at org.eclipse.m2e.core.internal.embedder.MavenImpl.resolveParentProject(MavenImpl.java:718) [org.eclipse.m2e.core_1.12.0.20190529-1916.jar:na]
	at org.eclipse.m2e.core.internal.embedder.MavenImpl.lambda$3(MavenImpl.java:737) [org.eclipse.m2e.core_1.12.0.20190529-1916.jar:na]
	at org.eclipse.m2e.core.internal.embedder.MavenExecutionContext.executeBare(MavenExecutionContext.java:177) ~[org.eclipse.m2e.core_1.12.0.20190529-1916.jar:na]
	at org.eclipse.m2e.core.internal.embedder.MavenExecutionContext.execute(MavenExecutionContext.java:112) ~[org.eclipse.m2e.core_1.12.0.20190529-1916.jar:na]
	at org.eclipse.m2e.core.internal.embedder.MavenImpl.resolveParentProject(MavenImpl.java:737) [org.eclipse.m2e.core_1.12.0.20190529-1916.jar:na]
	at org.eclipse.m2e.core.internal.lifecyclemapping.LifecycleMappingFactory.getPomMappingMetadataSources(LifecycleMappingFactory.java:877) ~[org.eclipse.m2e.core_1.12.0.20190529-1916.jar:na]
	at org.eclipse.m2e.core.internal.lifecyclemapping.LifecycleMappingFactory.getProjectMetadataSourcesMap(LifecycleMappingFactory.java:279) ~[org.eclipse.m2e.core_1.12.0.20190529-1916.jar:na]
	at org.eclipse.m2e.core.internal.lifecyclemapping.LifecycleMappingFactory.getProjectMetadataSources(LifecycleMappingFactory.java:256) ~[org.eclipse.m2e.core_1.12.0.20190529-1916.jar:na]
	at org.eclipse.m2e.core.internal.lifecyclemapping.LifecycleMappingFactory.calculateEffectiveLifecycleMappingMetadata(LifecycleMappingFactory.java:240) ~[org.eclipse.m2e.core_1.12.0.20190529-1916.jar:na]
	at org.eclipse.m2e.core.internal.lifecyclemapping.LifecycleMappingFactory.calculateLifecycleMapping(LifecycleMappingFactory.java:181) ~[org.eclipse.m2e.core_1.12.0.20190529-1916.jar:na]
	at org.eclipse.m2e.core.internal.project.registry.ProjectRegistryManager.setupLifecycleMapping(ProjectRegistryManager.java:615) ~[org.eclipse.m2e.core_1.12.0.20190529-1916.jar:na]
	at org.eclipse.m2e.core.internal.project.registry.ProjectRegistryManager.refreshPhase2(ProjectRegistryManager.java:534) ~[org.eclipse.m2e.core_1.12.0.20190529-1916.jar:na]
	at org.eclipse.m2e.core.internal.project.registry.ProjectRegistryManager.lambda$2(ProjectRegistryManager.java:515) ~[org.eclipse.m2e.core_1.12.0.20190529-1916.jar:na]
	at org.eclipse.m2e.core.internal.embedder.MavenExecutionContext.executeBare(MavenExecutionContext.java:177) ~[org.eclipse.m2e.core_1.12.0.20190529-1916.jar:na]
	at org.eclipse.m2e.core.internal.embedder.MavenExecutionContext.execute(MavenExecutionContext.java:151) ~[org.eclipse.m2e.core_1.12.0.20190529-1916.jar:na]
	at org.eclipse.m2e.core.internal.project.registry.ProjectRegistryManager.refresh(ProjectRegistryManager.java:513) ~[org.eclipse.m2e.core_1.12.0.20190529-1916.jar:na]
	at org.eclipse.m2e.core.internal.project.registry.ProjectRegistryManager.refresh(ProjectRegistryManager.java:365) ~[org.eclipse.m2e.core_1.12.0.20190529-1916.jar:na]
	at org.eclipse.m2e.core.internal.project.registry.ProjectRegistryManager.refresh(ProjectRegistryManager.java:312) ~[org.eclipse.m2e.core_1.12.0.20190529-1916.jar:na]
	at org.eclipse.m2e.core.internal.project.ProjectConfigurationManager.configureNewMavenProjects(ProjectConfigurationManager.java:259) ~[org.eclipse.m2e.core_1.12.0.20190529-1916.jar:na]
	at org.eclipse.m2e.core.internal.project.ProjectConfigurationManager$1.call(ProjectConfigurationManager.java:175) ~[org.eclipse.m2e.core_1.12.0.20190529-1916.jar:na]
	at org.eclipse.m2e.core.internal.project.ProjectConfigurationManager$1.call(ProjectConfigurationManager.java:1) ~[org.eclipse.m2e.core_1.12.0.20190529-1916.jar:na]
	at org.eclipse.m2e.core.internal.embedder.MavenExecutionContext.executeBare(MavenExecutionContext.java:177) ~[org.eclipse.m2e.core_1.12.0.20190529-1916.jar:na]
	at org.eclipse.m2e.core.internal.embedder.MavenExecutionContext.execute(MavenExecutionContext.java:151) ~[org.eclipse.m2e.core_1.12.0.20190529-1916.jar:na]
	at org.eclipse.m2e.core.internal.embedder.MavenExecutionContext.execute(MavenExecutionContext.java:99) ~[org.eclipse.m2e.core_1.12.0.20190529-1916.jar:na]
	at org.eclipse.m2e.core.internal.embedder.MavenImpl.execute(MavenImpl.java:1374) [org.eclipse.m2e.core_1.12.0.20190529-1916.jar:na]
	at org.eclipse.m2e.core.internal.project.ProjectConfigurationManager.importProjects(ProjectConfigurationManager.java:143) ~[org.eclipse.m2e.core_1.12.0.20190529-1916.jar:na]
	at org.eclipse.m2e.core.ui.internal.wizards.ImportMavenProjectsJob$1.doCreateMavenProjects(ImportMavenProjectsJob.java:68) ~[org.eclipse.m2e.core.ui_1.12.0.20190529-1916.jar:na]
	at org.eclipse.m2e.core.ui.internal.wizards.AbstractCreateMavenProjectsOperation.run(AbstractCreateMavenProjectsOperation.java:73) ~[org.eclipse.m2e.core.ui_1.12.0.20190529-1916.jar:na]
	at org.eclipse.m2e.core.ui.internal.wizards.ImportMavenProjectsJob.runInWorkspace(ImportMavenProjectsJob.java:77) ~[org.eclipse.m2e.core.ui_1.12.0.20190529-1916.jar:na]
	at org.eclipse.core.internal.resources.InternalWorkspaceJob.run(InternalWorkspaceJob.java:42) ~[org.eclipse.core.resources_3.13.400.v20190505-1655.jar:na]
	at org.eclipse.core.internal.jobs.Worker.run(Worker.java:63) ~[org.eclipse.core.jobs_3.10.400.v20190506-1457.jar:na]
Caused by: org.apache.maven.model.building.ModelBuildingException: 1 problem was encountered while building the effective model for org.springframework.boot:spring-boot-starter-parent:2.0.4.RELEASE
[FATAL] Non-parseable POM D:\WorkSpace\Maven\respository\org\eclipse\jetty\jetty-bom\9.4.11.v20180605\jetty-bom-9.4.11.v20180605.pom: start tag not allowed in epilog but got p (position: END_TAG seen ...</profiles>\n</project>\n<p... @507:3)  @ D:\WorkSpace\Maven\respository\org\eclipse\jetty\jetty-bom\9.4.11.v20180605\jetty-bom-9.4.11.v20180605.pom, line 507, column 3

	at org.apache.maven.model.building.DefaultModelProblemCollector.newModelBuildingException(DefaultModelProblemCollector.java:197) ~[maven-model-builder-3.6.1.jar:3.6.1]
	at org.apache.maven.model.building.DefaultModelBuilder.build(DefaultModelBuilder.java:490) ~[maven-model-builder-3.6.1.jar:3.6.1]
	at org.apache.maven.model.building.DefaultModelBuilder.build(DefaultModelBuilder.java:432) ~[maven-model-builder-3.6.1.jar:3.6.1]
	at org.apache.maven.model.building.DefaultModelBuilder.build(DefaultModelBuilder.java:422) ~[maven-model-builder-3.6.1.jar:3.6.1]
	at org.apache.maven.project.DefaultProjectBuilder.build(DefaultProjectBuilder.java:171) ~[maven-core-3.6.1.jar:3.6.1]
	... 33 common frames omitted
2019-08-06 22:22:28,874 [Worker-23: Importing Maven projects] INFO  o.e.m.c.i.l.LifecycleMappingFactory - Using org.maven.ide.eclipse.wtp.WarLifecycleMapping lifecycle mapping for MavenProject: com.liangx.practice:WebDemo1:0.0.1-SNAPSHOT @ D:\WorkSpace\eclipse\WebDemo1\pom.xml.
2019-08-06 22:22:28,892 [Worker-23: Importing Maven projects] WARN  o.e.m.c.i.embedder.EclipseLogger - The POM for org.springframework.boot:spring-boot-starter-web:jar:2.0.4.RELEASE is invalid, transitive dependencies (if any) will not be available, enable debug logging for more details
2019-08-06 22:22:28,911 [Worker-23: Importing Maven projects] WARN  o.e.m.c.i.embedder.EclipseLogger - The POM for org.springframework.boot:spring-boot-starter-test:jar:2.0.4.RELEASE is invalid, transitive dependencies (if any) will not be available, enable debug logging for more details
2019-08-06 22:22:28,972 [Worker-23: Importing Maven projects] WARN  o.e.m.c.i.embedder.EclipseLogger - The POM for org.springframework.boot:spring-boot-starter:jar:2.0.4.RELEASE is invalid, transitive dependencies (if any) will not be available, enable debug logging for more details
2019-08-06 22:22:28,989 [Worker-23: Importing Maven projects] WARN  o.e.m.c.i.embedder.EclipseLogger - The POM for org.springframework.boot:spring-boot-starter-jdbc:jar:2.0.4.RELEASE is invalid, transitive dependencies (if any) will not be available, enable debug logging for more details
2019-08-06 22:22:29,022 [Worker-23: Importing Maven projects] WARN  o.e.m.c.i.embedder.EclipseLogger - The POM for org.springframework.boot:spring-boot-autoconfigure:jar:2.0.4.RELEASE is invalid, transitive dependencies (if any) will not be available, enable debug logging for more details
2019-08-06 22:22:29,604 [Worker-23: Importing Maven projects] INFO  o.e.m.c.i.p.ProjectConfigurationManager - Imported and configured 1 project(s) in 1 sec
2019-08-06 22:24:26,136 [Worker-6: Loading available Gradle versions] INFO  o.e.b.c.i.u.g.PublishedGradleVersions - Gradle version information cache is up-to-date. Trying to read.
2019-08-06 22:25:22,948 [ModalContext] INFO  o.e.m.c.i.e.AbstractTransferListenerAdapter - Downloading http://maven.aliyun.com/nexus/content/repositories/central/org/apache/maven/archetypes/maven-archetype-webapp/1.0/maven-archetype-webapp-1.0.jar
2019-08-06 22:25:23,281 [ModalContext] INFO  o.e.m.c.i.e.AbstractTransferListenerAdapter - Downloaded http://maven.aliyun.com/nexus/content/repositories/central/org/apache/maven/archetypes/maven-archetype-webapp/1.0/maven-archetype-webapp-1.0.jar
2019-08-06 22:25:23,492 [ModalContext] INFO  o.e.m.c.i.e.AbstractTransferListenerAdapter - Downloading http://maven.aliyun.com/nexus/content/repositories/central/org/apache/maven/archetypes/maven-archetype-webapp/1.0/maven-archetype-webapp-1.0.pom
2019-08-06 22:25:23,684 [ModalContext] INFO  o.e.m.c.i.e.AbstractTransferListenerAdapter - Downloaded http://maven.aliyun.com/nexus/content/repositories/central/org/apache/maven/archetypes/maven-archetype-webapp/1.0/maven-archetype-webapp-1.0.pom
2019-08-06 22:26:01,233 [Worker-10: Creating maven-archetype-webapp] INFO  o.e.m.c.i.p.ProjectConfigurationManager - Collecting project info '/pom.xml' D:\WorkSpace\eclipse2019\booksystem\pom.xml
2019-08-06 22:26:08,810 [Worker-10: Creating maven-archetype-webapp] INFO  o.e.m.c.i.l.LifecycleMappingFactory - Using org.maven.ide.eclipse.wtp.WarLifecycleMapping lifecycle mapping for MavenProject: com.liangx.practice:booksystem:0.0.1-SNAPSHOT @ D:\WorkSpace\eclipse2019\booksystem\pom.xml.
2019-08-06 22:26:13,498 [Worker-10: Creating maven-archetype-webapp] INFO  o.e.m.j.i.AbstractJavaProjectConfigurator - Adding source folder /booksystem/src/main/java
2019-08-06 22:26:13,499 [Worker-10: Creating maven-archetype-webapp] INFO  o.e.m.j.i.AbstractJavaProjectConfigurator - Adding resource folder /booksystem/src/main/resources
2019-08-06 22:26:13,500 [Worker-10: Creating maven-archetype-webapp] INFO  o.e.m.j.i.AbstractJavaProjectConfigurator - Adding source folder /booksystem/src/test/java
2019-08-06 22:26:13,644 [Worker-5: Download sources and javadoc] INFO  o.e.m.c.i.e.AbstractTransferListenerAdapter - Downloading http://maven.aliyun.com/nexus/content/repositories/central/junit/junit/3.8.1/junit-3.8.1-sources.jar
2019-08-06 22:26:13,915 [Worker-5: Download sources and javadoc] INFO  o.e.m.c.i.e.AbstractTransferListenerAdapter - Downloaded http://maven.aliyun.com/nexus/content/repositories/central/junit/junit/3.8.1/junit-3.8.1-sources.jar
2019-08-06 22:26:14,187 [Worker-5: Download sources and javadoc] INFO  o.e.m.j.internal.DownloadSourcesJob - Downloaded sources for junit:junit:3.8.1
2019-08-06 22:26:14,196 [Worker-5: Download sources and javadoc] INFO  o.e.m.j.internal.DownloadSourcesJob - Downloaded sources for junit:junit:3.8.1
2019-08-06 22:26:18,807 [Worker-10: Creating maven-archetype-webapp] INFO  o.e.m.c.i.p.ProjectConfigurationManager - Imported and configured 1 project(s) in 17 sec
2019-08-06 22:26:20,265 [Worker-6: Building workspace] WARN  o.e.m.c.i.embedder.EclipseLogger - Using platform encoding (GBK actually) to copy filtered resources, i.e. build is platform dependent!
2019-08-06 22:26:20,298 [Worker-6: Building workspace] INFO  o.e.m.c.i.embedder.EclipseLogger - Copying 0 resource
2019-08-06 22:26:20,301 [Worker-6: Building workspace] WARN  o.e.m.c.i.embedder.EclipseLogger - Using platform encoding (GBK actually) to copy filtered resources, i.e. build is platform dependent!
2019-08-06 22:26:20,315 [Worker-6: Building workspace] INFO  o.e.m.c.i.embedder.EclipseLogger - skip non existing resourceDirectory D:\WorkSpace\eclipse2019\booksystem\src\test\resources
2019-08-06 22:27:18,531 [Worker-7: Building workspace] WARN  o.e.m.c.i.embedder.EclipseLogger - Using platform encoding (GBK actually) to copy filtered resources, i.e. build is platform dependent!
2019-08-06 22:27:18,544 [Worker-7: Building workspace] INFO  o.e.m.c.i.embedder.EclipseLogger - Copying 0 resource
2019-08-06 22:27:18,546 [Worker-7: Building workspace] WARN  o.e.m.c.i.embedder.EclipseLogger - Using platform encoding (GBK actually) to copy filtered resources, i.e. build is platform dependent!
2019-08-06 22:27:18,560 [Worker-7: Building workspace] INFO  o.e.m.c.i.embedder.EclipseLogger - skip non existing resourceDirectory D:\WorkSpace\eclipse2019\booksystem\src\test\resources
2019-08-06 22:30:13,908 [Worker-1: Building Project booksystem] WARN  o.e.m.c.i.embedder.EclipseLogger - Using platform encoding (GBK actually) to copy filtered resources, i.e. build is platform dependent!
2019-08-06 22:30:13,928 [Worker-1: Building Project booksystem] INFO  o.e.m.c.i.embedder.EclipseLogger - Copying 0 resource
2019-08-06 22:30:13,929 [Worker-1: Building Project booksystem] WARN  o.e.m.c.i.embedder.EclipseLogger - Using platform encoding (GBK actually) to copy filtered resources, i.e. build is platform dependent!
2019-08-06 22:30:13,943 [Worker-1: Building Project booksystem] INFO  o.e.m.c.i.embedder.EclipseLogger - skip non existing resourceDirectory D:\WorkSpace\eclipse2019\booksystem\src\test\resources
2019-08-06 22:33:55,249 [Worker-1: Building workspace] WARN  o.e.m.c.i.embedder.EclipseLogger - Using platform encoding (GBK actually) to copy filtered resources, i.e. build is platform dependent!
2019-08-06 22:33:55,261 [Worker-1: Building workspace] INFO  o.e.m.c.i.embedder.EclipseLogger - Copying 0 resource
2019-08-06 22:33:55,263 [Worker-1: Building workspace] WARN  o.e.m.c.i.embedder.EclipseLogger - Using platform encoding (GBK actually) to copy filtered resources, i.e. build is platform dependent!
2019-08-06 22:33:55,274 [Worker-1: Building workspace] INFO  o.e.m.c.i.embedder.EclipseLogger - skip non existing resourceDirectory D:\WorkSpace\eclipse2019\booksystem\src\test\resources
2019-08-06 22:34:06,253 [Worker-11: Building workspace] WARN  o.e.m.c.i.embedder.EclipseLogger - Using platform encoding (GBK actually) to copy filtered resources, i.e. build is platform dependent!
2019-08-06 22:34:06,261 [Worker-11: Building workspace] INFO  o.e.m.c.i.embedder.EclipseLogger - Copying 0 resource
2019-08-06 22:34:06,263 [Worker-11: Building workspace] WARN  o.e.m.c.i.embedder.EclipseLogger - Using platform encoding (GBK actually) to copy filtered resources, i.e. build is platform dependent!
2019-08-06 22:34:06,271 [Worker-11: Building workspace] INFO  o.e.m.c.i.embedder.EclipseLogger - skip non existing resourceDirectory D:\WorkSpace\eclipse2019\booksystem\src\test\resources
2019-08-06 22:34:08,382 [Worker-14: Building workspace] WARN  o.e.m.c.i.embedder.EclipseLogger - Using platform encoding (GBK actually) to copy filtered resources, i.e. build is platform dependent!
2019-08-06 22:34:08,392 [Worker-14: Building workspace] INFO  o.e.m.c.i.embedder.EclipseLogger - Copying 0 resource
2019-08-06 22:34:08,393 [Worker-14: Building workspace] WARN  o.e.m.c.i.embedder.EclipseLogger - Using platform encoding (GBK actually) to copy filtered resources, i.e. build is platform dependent!
2019-08-06 22:34:08,402 [Worker-14: Building workspace] INFO  o.e.m.c.i.embedder.EclipseLogger - skip non existing resourceDirectory D:\WorkSpace\eclipse2019\booksystem\src\test\resources
2019-08-06 22:34:48,755 [Worker-17: Building workspace] WARN  o.e.m.c.i.embedder.EclipseLogger - Using platform encoding (GBK actually) to copy filtered resources, i.e. build is platform dependent!
2019-08-06 22:34:48,767 [Worker-17: Building workspace] INFO  o.e.m.c.i.embedder.EclipseLogger - Copying 0 resource
2019-08-06 22:34:48,769 [Worker-17: Building workspace] WARN  o.e.m.c.i.embedder.EclipseLogger - Using platform encoding (GBK actually) to copy filtered resources, i.e. build is platform dependent!
2019-08-06 22:34:48,778 [Worker-17: Building workspace] INFO  o.e.m.c.i.embedder.EclipseLogger - skip non existing resourceDirectory D:\WorkSpace\eclipse2019\booksystem\src\test\resources
2019-08-06 22:35:00,645 [Worker-17: Building workspace] WARN  o.e.m.c.i.embedder.EclipseLogger - Using platform encoding (GBK actually) to copy filtered resources, i.e. build is platform dependent!
2019-08-06 22:35:00,697 [Worker-17: Building workspace] INFO  o.e.m.c.i.embedder.EclipseLogger - Copying 0 resource
2019-08-06 22:35:00,705 [Worker-17: Building workspace] WARN  o.e.m.c.i.embedder.EclipseLogger - Using platform encoding (GBK actually) to copy filtered resources, i.e. build is platform dependent!
2019-08-06 22:35:00,729 [Worker-17: Building workspace] INFO  o.e.m.c.i.embedder.EclipseLogger - skip non existing resourceDirectory D:\WorkSpace\eclipse2019\booksystem\src\test\resources
2019-08-06 22:35:09,932 [Worker-1: Building workspace] WARN  o.e.m.c.i.embedder.EclipseLogger - Using platform encoding (GBK actually) to copy filtered resources, i.e. build is platform dependent!
2019-08-06 22:35:09,961 [Worker-1: Building workspace] INFO  o.e.m.c.i.embedder.EclipseLogger - Copying 0 resource
2019-08-06 22:35:09,963 [Worker-1: Building workspace] WARN  o.e.m.c.i.embedder.EclipseLogger - Using platform encoding (GBK actually) to copy filtered resources, i.e. build is platform dependent!
2019-08-06 22:35:10,001 [Worker-1: Building workspace] INFO  o.e.m.c.i.embedder.EclipseLogger - skip non existing resourceDirectory D:\WorkSpace\eclipse2019\booksystem\src\test\resources
2019-08-06 22:35:19,166 [Worker-15: Building workspace] WARN  o.e.m.c.i.embedder.EclipseLogger - Using platform encoding (GBK actually) to copy filtered resources, i.e. build is platform dependent!
2019-08-06 22:35:19,192 [Worker-15: Building workspace] INFO  o.e.m.c.i.embedder.EclipseLogger - Copying 0 resource
2019-08-06 22:35:19,193 [Worker-15: Building workspace] WARN  o.e.m.c.i.embedder.EclipseLogger - Using platform encoding (GBK actually) to copy filtered resources, i.e. build is platform dependent!
2019-08-06 22:35:19,229 [Worker-15: Building workspace] INFO  o.e.m.c.i.embedder.EclipseLogger - skip non existing resourceDirectory D:\WorkSpace\eclipse2019\booksystem\src\test\resources
2019-08-06 22:35:30,143 [Worker-14: Building workspace] WARN  o.e.m.c.i.embedder.EclipseLogger - Using platform encoding (GBK actually) to copy filtered resources, i.e. build is platform dependent!
2019-08-06 22:35:30,187 [Worker-14: Building workspace] INFO  o.e.m.c.i.embedder.EclipseLogger - Copying 0 resource
2019-08-06 22:35:30,189 [Worker-14: Building workspace] WARN  o.e.m.c.i.embedder.EclipseLogger - Using platform encoding (GBK actually) to copy filtered resources, i.e. build is platform dependent!
2019-08-06 22:35:30,212 [Worker-14: Building workspace] INFO  o.e.m.c.i.embedder.EclipseLogger - skip non existing resourceDirectory D:\WorkSpace\eclipse2019\booksystem\src\test\resources
2019-08-06 22:36:15,055 [Worker-11: Building workspace] WARN  o.e.m.c.i.embedder.EclipseLogger - Using platform encoding (GBK actually) to copy filtered resources, i.e. build is platform dependent!
2019-08-06 22:36:15,067 [Worker-11: Building workspace] INFO  o.e.m.c.i.embedder.EclipseLogger - Copying 0 resource
2019-08-06 22:36:15,070 [Worker-11: Building workspace] WARN  o.e.m.c.i.embedder.EclipseLogger - Using platform encoding (GBK actually) to copy filtered resources, i.e. build is platform dependent!
2019-08-06 22:36:15,081 [Worker-11: Building workspace] INFO  o.e.m.c.i.embedder.EclipseLogger - skip non existing resourceDirectory D:\WorkSpace\eclipse2019\booksystem\src\test\resources
2019-08-06 22:50:28,892 [Worker-26: Building workspace] WARN  o.e.m.c.i.embedder.EclipseLogger - Using platform encoding (GBK actually) to copy filtered resources, i.e. build is platform dependent!
2019-08-06 22:50:28,921 [Worker-26: Building workspace] INFO  o.e.m.c.i.embedder.EclipseLogger - Copying 1 resource
2019-08-06 22:50:28,934 [Worker-26: Building workspace] WARN  o.e.m.c.i.embedder.EclipseLogger - Using platform encoding (GBK actually) to copy filtered resources, i.e. build is platform dependent!
2019-08-06 22:50:28,946 [Worker-26: Building workspace] INFO  o.e.m.c.i.embedder.EclipseLogger - skip non existing resourceDirectory D:\WorkSpace\eclipse2019\booksystem\src\test\resources
2019-08-06 22:53:55,255 [Worker-25: Building workspace] WARN  o.e.m.c.i.embedder.EclipseLogger - Using platform encoding (GBK actually) to copy filtered resources, i.e. build is platform dependent!
2019-08-06 22:53:55,265 [Worker-25: Building workspace] INFO  o.e.m.c.i.embedder.EclipseLogger - Copying 1 resource
2019-08-06 22:53:55,268 [Worker-25: Building workspace] WARN  o.e.m.c.i.embedder.EclipseLogger - Using platform encoding (GBK actually) to copy filtered resources, i.e. build is platform dependent!
2019-08-06 22:53:55,275 [Worker-25: Building workspace] INFO  o.e.m.c.i.embedder.EclipseLogger - skip non existing resourceDirectory D:\WorkSpace\eclipse2019\booksystem\src\test\resources
2019-08-06 22:53:55,275 [Worker-25: Building workspace] INFO  o.e.m.w.i.f.ResourceFilteringBuildParticipant - Changed resources require a complete clean of filtered resources of booksystem
2019-08-06 22:53:55,276 [Worker-25: Building workspace] INFO  o.e.m.w.i.f.ResourceFilteringBuildParticipant - Executing resource filtering for booksystem
2019-08-06 22:53:55,287 [Worker-25: Building workspace] WARN  o.e.m.c.i.embedder.EclipseLogger - Using platform encoding (GBK actually) to copy filtered resources, i.e. build is platform dependent!
2019-08-06 22:55:03,152 [Worker-28: Building workspace] WARN  o.e.m.c.i.embedder.EclipseLogger - Using platform encoding (GBK actually) to copy filtered resources, i.e. build is platform dependent!
2019-08-06 22:55:03,163 [Worker-28: Building workspace] INFO  o.e.m.c.i.embedder.EclipseLogger - Copying 1 resource
2019-08-06 22:55:03,167 [Worker-28: Building workspace] WARN  o.e.m.c.i.embedder.EclipseLogger - Using platform encoding (GBK actually) to copy filtered resources, i.e. build is platform dependent!
2019-08-06 22:55:03,177 [Worker-28: Building workspace] INFO  o.e.m.c.i.embedder.EclipseLogger - skip non existing resourceDirectory D:\WorkSpace\eclipse2019\booksystem\src\test\resources
2019-08-06 22:55:15,529 [Worker-26: Building workspace] WARN  o.e.m.c.i.embedder.EclipseLogger - Using platform encoding (GBK actually) to copy filtered resources, i.e. build is platform dependent!
2019-08-06 22:55:15,536 [Worker-26: Building workspace] INFO  o.e.m.c.i.embedder.EclipseLogger - Copying 0 resource
2019-08-06 22:55:15,539 [Worker-26: Building workspace] WARN  o.e.m.c.i.embedder.EclipseLogger - Using platform encoding (GBK actually) to copy filtered resources, i.e. build is platform dependent!
2019-08-06 22:55:15,547 [Worker-26: Building workspace] INFO  o.e.m.c.i.embedder.EclipseLogger - skip non existing resourceDirectory D:\WorkSpace\eclipse2019\booksystem\src\test\resources
2019-08-06 22:55:35,559 [Worker-30: Building workspace] WARN  o.e.m.c.i.embedder.EclipseLogger - Using platform encoding (GBK actually) to copy filtered resources, i.e. build is platform dependent!
2019-08-06 22:55:35,569 [Worker-30: Building workspace] INFO  o.e.m.c.i.embedder.EclipseLogger - Copying 1 resource
2019-08-06 22:55:35,577 [Worker-30: Building workspace] WARN  o.e.m.c.i.embedder.EclipseLogger - Using platform encoding (GBK actually) to copy filtered resources, i.e. build is platform dependent!
2019-08-06 22:55:35,585 [Worker-30: Building workspace] INFO  o.e.m.c.i.embedder.EclipseLogger - skip non existing resourceDirectory D:\WorkSpace\eclipse2019\booksystem\src\test\resources
2019-08-06 22:55:52,636 [Worker-29: Building workspace] WARN  o.e.m.c.i.embedder.EclipseLogger - Using platform encoding (GBK actually) to copy filtered resources, i.e. build is platform dependent!
2019-08-06 22:55:52,654 [Worker-29: Building workspace] INFO  o.e.m.c.i.embedder.EclipseLogger - Copying 1 resource
2019-08-06 22:55:52,659 [Worker-29: Building workspace] WARN  o.e.m.c.i.embedder.EclipseLogger - Using platform encoding (GBK actually) to copy filtered resources, i.e. build is platform dependent!
2019-08-06 22:55:52,670 [Worker-29: Building workspace] INFO  o.e.m.c.i.embedder.EclipseLogger - skip non existing resourceDirectory D:\WorkSpace\eclipse2019\booksystem\src\test\resources
2019-08-06 22:57:44,815 [Worker-31: Building workspace] WARN  o.e.m.c.i.embedder.EclipseLogger - Using platform encoding (GBK actually) to copy filtered resources, i.e. build is platform dependent!
2019-08-06 22:57:44,831 [Worker-31: Building workspace] INFO  o.e.m.c.i.embedder.EclipseLogger - Copying 1 resource
2019-08-06 22:57:44,834 [Worker-31: Building workspace] WARN  o.e.m.c.i.embedder.EclipseLogger - Using platform encoding (GBK actually) to copy filtered resources, i.e. build is platform dependent!
2019-08-06 22:57:44,850 [Worker-31: Building workspace] INFO  o.e.m.c.i.embedder.EclipseLogger - skip non existing resourceDirectory D:\WorkSpace\eclipse2019\booksystem\src\test\resources
2019-08-06 22:57:57,367 [Worker-31: Building workspace] WARN  o.e.m.c.i.embedder.EclipseLogger - Using platform encoding (GBK actually) to copy filtered resources, i.e. build is platform dependent!
2019-08-06 22:57:57,374 [Worker-31: Building workspace] INFO  o.e.m.c.i.embedder.EclipseLogger - Copying 1 resource
2019-08-06 22:57:57,376 [Worker-31: Building workspace] WARN  o.e.m.c.i.embedder.EclipseLogger - Using platform encoding (GBK actually) to copy filtered resources, i.e. build is platform dependent!
2019-08-06 22:57:57,383 [Worker-31: Building workspace] INFO  o.e.m.c.i.embedder.EclipseLogger - skip non existing resourceDirectory D:\WorkSpace\eclipse2019\booksystem\src\test\resources
2019-08-06 23:07:42,511 [Worker-33: Building workspace] WARN  o.e.m.c.i.embedder.EclipseLogger - Using platform encoding (GBK actually) to copy filtered resources, i.e. build is platform dependent!
2019-08-06 23:07:42,518 [Worker-33: Building workspace] INFO  o.e.m.c.i.embedder.EclipseLogger - Copying 1 resource
2019-08-06 23:07:42,521 [Worker-33: Building workspace] WARN  o.e.m.c.i.embedder.EclipseLogger - Using platform encoding (GBK actually) to copy filtered resources, i.e. build is platform dependent!
2019-08-06 23:07:42,528 [Worker-33: Building workspace] INFO  o.e.m.c.i.embedder.EclipseLogger - skip non existing resourceDirectory D:\WorkSpace\eclipse2019\booksystem\src\test\resources
2019-08-06 23:12:44,843 [Worker-35: Building workspace] WARN  o.e.m.c.i.embedder.EclipseLogger - Using platform encoding (GBK actually) to copy filtered resources, i.e. build is platform dependent!
2019-08-06 23:12:44,850 [Worker-35: Building workspace] INFO  o.e.m.c.i.embedder.EclipseLogger - Copying 1 resource
2019-08-06 23:12:44,854 [Worker-35: Building workspace] WARN  o.e.m.c.i.embedder.EclipseLogger - Using platform encoding (GBK actually) to copy filtered resources, i.e. build is platform dependent!
2019-08-06 23:12:44,861 [Worker-35: Building workspace] INFO  o.e.m.c.i.embedder.EclipseLogger - skip non existing resourceDirectory D:\WorkSpace\eclipse2019\booksystem\src\test\resources
2019-08-08 22:16:40,736 [Worker-4: Loading available Gradle versions] INFO  o.e.b.c.i.u.g.PublishedGradleVersions - Gradle version information cache is out-of-date. Trying to update.
2019-08-08 22:17:03,050 [Worker-5: Building workspace] WARN  o.e.m.c.i.embedder.EclipseLogger - Using platform encoding (GBK actually) to copy filtered resources, i.e. build is platform dependent!
2019-08-08 22:17:03,062 [Worker-5: Building workspace] INFO  o.e.m.c.i.embedder.EclipseLogger - Copying 1 resource
2019-08-08 22:17:03,075 [Worker-5: Building workspace] WARN  o.e.m.c.i.embedder.EclipseLogger - Using platform encoding (GBK actually) to copy filtered resources, i.e. build is platform dependent!
2019-08-08 22:17:03,081 [Worker-5: Building workspace] INFO  o.e.m.c.i.embedder.EclipseLogger - skip non existing resourceDirectory D:\WorkSpace\eclipse2019\booksystem\src\test\resources
2019-08-08 22:49:44,213 [Worker-0: Loading available Gradle versions] INFO  o.e.b.c.i.u.g.PublishedGradleVersions - Gradle version information cache is up-to-date. Trying to read.
2019-08-08 22:50:04,117 [Worker-8: Building workspace] WARN  o.e.m.c.i.embedder.EclipseLogger - Using platform encoding (GBK actually) to copy filtered resources, i.e. build is platform dependent!
2019-08-08 22:50:04,164 [Worker-8: Building workspace] INFO  o.e.m.c.i.embedder.EclipseLogger - Copying 1 resource
2019-08-08 22:50:04,242 [Worker-8: Building workspace] WARN  o.e.m.c.i.embedder.EclipseLogger - Using platform encoding (GBK actually) to copy filtered resources, i.e. build is platform dependent!
2019-08-08 22:50:04,289 [Worker-8: Building workspace] INFO  o.e.m.c.i.embedder.EclipseLogger - skip non existing resourceDirectory D:\WorkSpace\eclipse2019\booksystem\src\test\resources
2019-08-08 22:56:00,287 [Worker-17: Building workspace] WARN  o.e.m.c.i.embedder.EclipseLogger - Using platform encoding (GBK actually) to copy filtered resources, i.e. build is platform dependent!
2019-08-08 22:56:00,365 [Worker-17: Building workspace] INFO  o.e.m.c.i.embedder.EclipseLogger - Copying 1 resource
2019-08-08 22:56:00,380 [Worker-17: Building workspace] WARN  o.e.m.c.i.embedder.EclipseLogger - Using platform encoding (GBK actually) to copy filtered resources, i.e. build is platform dependent!
2019-08-08 22:56:00,412 [Worker-17: Building workspace] INFO  o.e.m.c.i.embedder.EclipseLogger - skip non existing resourceDirectory D:\WorkSpace\eclipse2019\booksystem\src\test\resources
2019-08-08 23:04:42,903 [Worker-0: Loading available Gradle versions] INFO  o.e.b.c.i.u.g.PublishedGradleVersions - Gradle version information cache is up-to-date. Trying to read.
2019-08-08 23:04:48,683 [Worker-5: Building workspace] WARN  o.e.m.c.i.embedder.EclipseLogger - Using platform encoding (GBK actually) to copy filtered resources, i.e. build is platform dependent!
2019-08-08 23:04:48,719 [Worker-5: Building workspace] INFO  o.e.m.c.i.embedder.EclipseLogger - Copying 1 resource
2019-08-08 23:04:48,729 [Worker-5: Building workspace] WARN  o.e.m.c.i.embedder.EclipseLogger - Using platform encoding (GBK actually) to copy filtered resources, i.e. build is platform dependent!
2019-08-08 23:04:48,743 [Worker-5: Building workspace] INFO  o.e.m.c.i.embedder.EclipseLogger - skip non existing resourceDirectory D:\WorkSpace\eclipse2019\booksystem\src\test\resources
2019-08-09 22:56:28,112 [Worker-2: Loading available Gradle versions] INFO  o.e.b.c.i.u.g.PublishedGradleVersions - Gradle version information cache is out-of-date. Trying to update.
2019-08-09 22:56:55,189 [Worker-3: Building workspace] WARN  o.e.m.c.i.embedder.EclipseLogger - Using platform encoding (GBK actually) to copy filtered resources, i.e. build is platform dependent!
2019-08-09 22:56:55,205 [Worker-3: Building workspace] INFO  o.e.m.c.i.embedder.EclipseLogger - Copying 1 resource
2019-08-09 22:56:55,220 [Worker-3: Building workspace] WARN  o.e.m.c.i.embedder.EclipseLogger - Using platform encoding (GBK actually) to copy filtered resources, i.e. build is platform dependent!
2019-08-09 22:56:55,220 [Worker-3: Building workspace] INFO  o.e.m.c.i.embedder.EclipseLogger - skip non existing resourceDirectory D:\WorkSpace\eclipse2019\booksystem\src\test\resources
2019-08-10 08:15:35,260 [Worker-6: Loading available Gradle versions] INFO  o.e.b.c.i.u.g.PublishedGradleVersions - Gradle version information cache is up-to-date. Trying to read.
2019-08-10 08:16:02,970 [Worker-6: Building workspace] WARN  o.e.m.c.i.embedder.EclipseLogger - Using platform encoding (GBK actually) to copy filtered resources, i.e. build is platform dependent!
2019-08-10 08:16:02,981 [Worker-6: Building workspace] INFO  o.e.m.c.i.embedder.EclipseLogger - Copying 1 resource
2019-08-10 08:16:03,000 [Worker-6: Building workspace] WARN  o.e.m.c.i.embedder.EclipseLogger - Using platform encoding (GBK actually) to copy filtered resources, i.e. build is platform dependent!
2019-08-10 08:16:03,008 [Worker-6: Building workspace] INFO  o.e.m.c.i.embedder.EclipseLogger - skip non existing resourceDirectory D:\WorkSpace\eclipse2019\booksystem\src\test\resources
